[35m[1mScanning dependencies of target camera_lidar_fusion[0m
[  0%] Built target std_msgs_generate_messages_cpp
[  0%] Built target std_msgs_generate_messages_nodejs
[  0%] Built target std_msgs_generate_messages_lisp
[  0%] Built target std_msgs_generate_messages_py
[  0%] Built target std_msgs_generate_messages_eus
[ 11%] [32mBuilding CXX object CMakeFiles/camera_lidar_fusion.dir/src/camera_lidar_fusion.cpp.o[0m
[ 11%] Built target _camera_lidar_fusion_generate_messages_check_deps_LabeledPointArray
[ 33%] Built target camera_lidar_fusion_generate_messages_eus
[ 55%] Built target camera_lidar_fusion_generate_messages_nodejs
[ 55%] Built target camera_lidar_fusion_generate_messages_lisp
[ 66%] Built target camera_lidar_fusion_generate_messages_cpp
[ 88%] Built target camera_lidar_fusion_generate_messages_py
[ 88%] Built target camera_lidar_fusion_generate_messages
[01m[K/home/dl/vision_ws/src/camera_lidar_fusion/src/camera_lidar_fusion.cpp:[m[K In function â€˜[01m[Kvoid calculate_dis()[m[Kâ€™:
[01m[K/home/dl/vision_ws/src/camera_lidar_fusion/src/camera_lidar_fusion.cpp:71:5:[m[K [01;31m[Kerror: [m[Kâ€˜[01m[Kmatched_ids[m[Kâ€™ was not declared in this scope; did you mean â€˜[01m[Kmatched_pts[m[Kâ€™?
   71 |     [01;31m[Kmatched_ids[m[K.clear();
      |     [01;31m[K^~~~~~~~~~~[m[K
      |     [32m[Kmatched_pts[m[K
[01m[K/home/dl/vision_ws/src/camera_lidar_fusion/src/camera_lidar_fusion.cpp:82:12:[m[K [01;31m[Kerror: [m[Kcould not convert â€˜[01m[Know_ds[m[Kâ€™ from â€˜[01m[Kstd::pair<double, double>[m[Kâ€™ to â€˜[01m[Kbool[m[Kâ€™
   82 |         if([01;31m[Know_ds[m[K){
      |            [01;31m[K^~~~~~[m[K
      |            [01;31m[K|[m[K
      |            [01;31m[Kstd::pair<double, double>[m[K
[01m[K/home/dl/vision_ws/src/camera_lidar_fusion/src/camera_lidar_fusion.cpp:84:26:[m[K [01;31m[Kerror: [m[Kâ€˜[01m[Kvisualization_msgs::MarkerArray[m[Kâ€™ {aka â€˜[01m[Kstruct visualization_msgs::MarkerArray_<std::allocator<void> >[m[Kâ€™} has no member named â€˜[01m[Kpush_back[m[Kâ€™
   84 |             marker_array.[01;31m[Kpush_back[m[K(createMarker(matched_ids.size(),now_ds.F,now_ds.S,i.S));
      |                          [01;31m[K^~~~~~~~~[m[K
[01m[K/home/dl/vision_ws/src/camera_lidar_fusion/src/camera_lidar_fusion.cpp:[m[K In function â€˜[01m[Kvoid cameraCallback(camera_lidar_fusion::LabeledPointArray)[m[Kâ€™:
[01m[K/home/dl/vision_ws/src/camera_lidar_fusion/src/camera_lidar_fusion.cpp:114:15:[m[K [01;31m[Kerror: [m[Kno match for â€˜[01m[Koperator[][m[Kâ€™ (operand types are â€˜[01m[Kconst LabeledPointArray[m[Kâ€™ {aka â€˜[01m[Kconst camera_lidar_fusion::LabeledPointArray_<std::allocator<void> >[m[Kâ€™} and â€˜[01m[Kint[m[Kâ€™)
  114 |         if(msg[01;31m[K[[m[Ki]=="B"){
      |               [01;31m[K^[m[K
[01m[K/home/dl/vision_ws/src/camera_lidar_fusion/src/camera_lidar_fusion.cpp:117:20:[m[K [01;31m[Kerror: [m[Kno match for â€˜[01m[Koperator[][m[Kâ€™ (operand types are â€˜[01m[Kconst LabeledPointArray[m[Kâ€™ {aka â€˜[01m[Kconst camera_lidar_fusion::LabeledPointArray_<std::allocator<void> >[m[Kâ€™} and â€˜[01m[Kint[m[Kâ€™)
  117 |         else if(msg[01;31m[K[[m[Ki]=="Y"){
      |                    [01;31m[K^[m[K
In file included from [01m[K/opt/ros/noetic/include/ros/ros.h:40[m[K,
                 from [01m[K/home/dl/vision_ws/src/camera_lidar_fusion/src/camera_lidar_fusion.cpp:1[m[K:
[01m[K/home/dl/vision_ws/src/camera_lidar_fusion/src/camera_lidar_fusion.cpp:[m[K In function â€˜[01m[Kint main(int, char**)[m[Kâ€™:
[01m[K/home/dl/vision_ws/src/camera_lidar_fusion/src/camera_lidar_fusion.cpp:148:35:[m[K [01;31m[Kerror: [m[Kâ€˜[01m[Kmatched_ids[m[Kâ€™ was not declared in this scope; did you mean â€˜[01m[Kmatched_pts[m[Kâ€™?
  148 |     ROS_INFO("Total Matches: %d", [01;31m[Kmatched_ids[m[K.size());
      |                                   [01;31m[K^~~~~~~~~~~[m[K
[01m[K/opt/ros/noetic/include/ros/console.h:351:165:[m[K [01;36m[Knote: [m[Kin definition of macro â€˜[01m[KROSCONSOLE_PRINT_AT_LOCATION_WITH_FILTER[m[Kâ€™
  351 |     ::ros::console::print(filter, __rosconsole_define_location__loc.logger_, __rosconsole_define_location__loc.level_, __FILE__, __LINE__, __ROSCONSOLE_FUNCTION__, [01;36m[K__VA_ARGS__[m[K)
      |                                                                                                                                                                     [01;36m[K^~~~~~~~~~~[m[K
[01m[K/opt/ros/noetic/include/ros/console.h:390:7:[m[K [01;36m[Knote: [m[Kin expansion of macro â€˜[01m[KROSCONSOLE_PRINT_AT_LOCATION[m[Kâ€™
  390 |       [01;36m[KROSCONSOLE_PRINT_AT_LOCATION[m[K(__VA_ARGS__); \
      |       [01;36m[K^~~~~~~~~~~~~~~~~~~~~~~~~~~~[m[K
[01m[K/opt/ros/noetic/include/ros/console.h:575:35:[m[K [01;36m[Knote: [m[Kin expansion of macro â€˜[01m[KROS_LOG_COND[m[Kâ€™
  575 | #define ROS_LOG(level, name, ...) [01;36m[KROS_LOG_COND[m[K(true, level, name, __VA_ARGS__)
      |                                   [01;36m[K^~~~~~~~~~~~[m[K
[01m[K/opt/ros/noetic/include/rosconsole/macros_generated.h:110:23:[m[K [01;36m[Knote: [m[Kin expansion of macro â€˜[01m[KROS_LOG[m[Kâ€™
  110 | #define ROS_INFO(...) [01;36m[KROS_LOG[m[K(::ros::console::levels::Info, ROSCONSOLE_DEFAULT_NAME, __VA_ARGS__)
      |                       [01;36m[K^~~~~~~[m[K
[01m[K/home/dl/vision_ws/src/camera_lidar_fusion/src/camera_lidar_fusion.cpp:148:5:[m[K [01;36m[Knote: [m[Kin expansion of macro â€˜[01m[KROS_INFO[m[Kâ€™
  148 |     [01;36m[KROS_INFO[m[K("Total Matches: %d", matched_ids.size());
      |     [01;36m[K^~~~~~~~[m[K
make[2]: *** [CMakeFiles/camera_lidar_fusion.dir/build.make:63: CMakeFiles/camera_lidar_fusion.dir/src/camera_lidar_fusion.cpp.o] Error 1
make[1]: *** [CMakeFiles/Makefile2:1267: CMakeFiles/camera_lidar_fusion.dir/all] Error 2
make: *** [Makefile:141: all] Error 2
