[35m[1mScanning dependencies of target camera_lidar_fusion[0m
[  0%] Built target std_msgs_generate_messages_py
[  0%] Built target std_msgs_generate_messages_eus
[  0%] Built target std_msgs_generate_messages_nodejs
[  0%] Built target std_msgs_generate_messages_cpp
[  0%] Built target std_msgs_generate_messages_lisp
[ 11%] [32mBuilding CXX object CMakeFiles/camera_lidar_fusion.dir/src/camera_lidar_fusion.cpp.o[0m
[ 11%] Built target _camera_lidar_fusion_generate_messages_check_deps_LabeledPointArray
[ 33%] Built target camera_lidar_fusion_generate_messages_eus
[ 44%] Built target camera_lidar_fusion_generate_messages_lisp
[ 55%] Built target camera_lidar_fusion_generate_messages_nodejs
[ 88%] Built target camera_lidar_fusion_generate_messages_cpp
[ 88%] Built target camera_lidar_fusion_generate_messages_py
[ 88%] Built target camera_lidar_fusion_generate_messages
[01m[K/home/dl/vision_ws/src/camera_lidar_fusion/src/camera_lidar_fusion.cpp:[m[K In function â€˜[01m[Kvoid calculate_dis()[m[Kâ€™:
[01m[K/home/dl/vision_ws/src/camera_lidar_fusion/src/camera_lidar_fusion.cpp:88:5:[m[K [01;31m[Kerror: [m[Kâ€˜[01m[Kpub[m[Kâ€™ was not declared in this scope
   88 |     [01;31m[Kpub[m[K.publish(marker_array);
      |     [01;31m[K^~~[m[K
[01m[K/home/dl/vision_ws/src/camera_lidar_fusion/src/camera_lidar_fusion.cpp:[m[K In function â€˜[01m[Kint main(int, char**)[m[Kâ€™:
[01m[K/home/dl/vision_ws/src/camera_lidar_fusion/src/camera_lidar_fusion.cpp:133:5:[m[K [01;31m[Kerror: [m[Kâ€˜[01m[Kpub[m[Kâ€™ was not declared in this scope
  133 |     [01;31m[Kpub[m[K = nh.advertise<visualization_msgs::MarkerArray>("/camera_lidar_fusion/lidar_camera_markers", 1);
      |     [01;31m[K^~~[m[K
In file included from [01m[K/opt/ros/noetic/include/ros/ros.h:40[m[K,
                 from [01m[K/home/dl/vision_ws/src/camera_lidar_fusion/src/camera_lidar_fusion.cpp:1[m[K:
[01m[K/home/dl/vision_ws/src/camera_lidar_fusion/src/camera_lidar_fusion.cpp:149:14:[m[K [01;35m[Kwarning: [m[Kformat â€˜[01m[K%d[m[Kâ€™ expects argument of type â€˜[01m[Kint[m[Kâ€™, but argument 8 has type â€˜[01m[Kstd::vector<std::pair<std::pair<double, double>, int> >::size_type[m[Kâ€™ {aka â€˜[01m[Klong unsigned int[m[Kâ€™} [[01;35m[K-Wformat=[m[K]
  149 |     ROS_INFO([01;35m[K"Total Matches: %d"[m[K, [32m[Kmatched_pts.size()[m[K);
      |              [01;35m[K^~~~~~~~~~~~~~~~~~~[m[K  [32m[K~~~~~~~~~~~~~~~~~~[m[K
      |                                                   [32m[K|[m[K
      |                                                   [32m[Kstd::vector<std::pair<std::pair<double, double>, int> >::size_type {aka long unsigned int}[m[K
[01m[K/opt/ros/noetic/include/ros/console.h:351:165:[m[K [01;36m[Knote: [m[Kin definition of macro â€˜[01m[KROSCONSOLE_PRINT_AT_LOCATION_WITH_FILTER[m[Kâ€™
  351 |     ::ros::console::print(filter, __rosconsole_define_location__loc.logger_, __rosconsole_define_location__loc.level_, __FILE__, __LINE__, __ROSCONSOLE_FUNCTION__, [01;36m[K__VA_ARGS__[m[K)
      |                                                                                                                                                                     [01;36m[K^~~~~~~~~~~[m[K
[01m[K/opt/ros/noetic/include/ros/console.h:390:7:[m[K [01;36m[Knote: [m[Kin expansion of macro â€˜[01m[KROSCONSOLE_PRINT_AT_LOCATION[m[Kâ€™
  390 |       [01;36m[KROSCONSOLE_PRINT_AT_LOCATION[m[K(__VA_ARGS__); \
      |       [01;36m[K^~~~~~~~~~~~~~~~~~~~~~~~~~~~[m[K
[01m[K/opt/ros/noetic/include/ros/console.h:575:35:[m[K [01;36m[Knote: [m[Kin expansion of macro â€˜[01m[KROS_LOG_COND[m[Kâ€™
  575 | #define ROS_LOG(level, name, ...) [01;36m[KROS_LOG_COND[m[K(true, level, name, __VA_ARGS__)
      |                                   [01;36m[K^~~~~~~~~~~~[m[K
[01m[K/opt/ros/noetic/include/rosconsole/macros_generated.h:110:23:[m[K [01;36m[Knote: [m[Kin expansion of macro â€˜[01m[KROS_LOG[m[Kâ€™
  110 | #define ROS_INFO(...) [01;36m[KROS_LOG[m[K(::ros::console::levels::Info, ROSCONSOLE_DEFAULT_NAME, __VA_ARGS__)
      |                       [01;36m[K^~~~~~~[m[K
[01m[K/home/dl/vision_ws/src/camera_lidar_fusion/src/camera_lidar_fusion.cpp:149:5:[m[K [01;36m[Knote: [m[Kin expansion of macro â€˜[01m[KROS_INFO[m[Kâ€™
  149 |     [01;36m[KROS_INFO[m[K("Total Matches: %d", matched_pts.size());
      |     [01;36m[K^~~~~~~~[m[K
[01m[K/home/dl/vision_ws/src/camera_lidar_fusion/src/camera_lidar_fusion.cpp:149:31:[m[K [01;36m[Knote: [m[Kformat string is defined here
  149 |     ROS_INFO("Total Matches: [01;36m[K%d[m[K", matched_pts.size());
      |                              [01;36m[K~^[m[K
      |                               [01;36m[K|[m[K
      |                               [01;36m[Kint[m[K
      |                              [32m[K%ld[m[K
make[2]: *** [CMakeFiles/camera_lidar_fusion.dir/build.make:63: CMakeFiles/camera_lidar_fusion.dir/src/camera_lidar_fusion.cpp.o] Error 1
make[1]: *** [CMakeFiles/Makefile2:1267: CMakeFiles/camera_lidar_fusion.dir/all] Error 2
make: *** [Makefile:141: all] Error 2
