[01m[K/home/dl/vision_ws/src/cone_detection/src/cone_legality_verification.cpp:[m[K In function â€˜[01m[Kvoid coneReconstruction(const PointCloud2ConstPtr&)[m[Kâ€™:
[01m[K/home/dl/vision_ws/src/cone_detection/src/cone_legality_verification.cpp:58:5:[m[K [01;31m[Kerror: [m[Kâ€˜[01m[Kpcl_ros_tutorial[m[Kâ€™ has not been declared
   58 |     [01;31m[Kpcl_ros_tutorial[m[K::LabeledPointArray ret;
      |     [01;31m[K^~~~~~~~~~~~~~~~[m[K
[01m[K/home/dl/vision_ws/src/cone_detection/src/cone_legality_verification.cpp:81:13:[m[K [01;31m[Kerror: [m[Kâ€˜[01m[Kret[m[Kâ€™ was not declared in this scope
   81 |             [01;31m[Kret[m[K.x.push_back(center.x);
      |             [01;31m[K^~~[m[K
[01m[K/home/dl/vision_ws/src/cone_detection/src/cone_legality_verification.cpp:102:17:[m[K [01;31m[Kerror: [m[Kâ€˜[01m[Kret[m[Kâ€™ was not declared in this scope
  102 |     pub.publish([01;31m[Kret[m[K);
      |                 [01;31m[K^~~[m[K
[01m[K/home/dl/vision_ws/src/cone_detection/src/cone_legality_verification.cpp:[m[K In function â€˜[01m[Kint main(int, char**)[m[Kâ€™:
[01m[K/home/dl/vision_ws/src/cone_detection/src/cone_legality_verification.cpp:115:24:[m[K [01;31m[Kerror: [m[Kâ€˜[01m[Kpcl_ros_tutorial[m[Kâ€™ was not declared in this scope
  115 |     pub = nh.advertise<[01;31m[Kpcl_ros_tutorial[m[K::LabeledPointArray>("/cone_detection", 1);
      |                        [01;31m[K^~~~~~~~~~~~~~~~[m[K
[01m[K/home/dl/vision_ws/src/cone_detection/src/cone_legality_verification.cpp:115:14:[m[K [01;31m[Kerror: [m[Kparse error in template argument list
  115 |     pub = nh.[01;31m[Kadvertise<pcl_ros_tutorial::LabeledPointArray>[m[K("/cone_detection", 1);
      |              [01;31m[K^~~~~~~~~~~~~~~~~~~~~~~~~~~~~~~~~~~~~~~~~~~~~~[m[K
[01m[K/home/dl/vision_ws/src/cone_detection/src/cone_legality_verification.cpp:115:81:[m[K [01;31m[Kerror: [m[Kno matching function for call to â€˜[01m[Kros::NodeHandle::advertise<<expression error> >(const char [16], int)[m[Kâ€™
  115 |     pub = nh.advertise<pcl_ros_tutorial::LabeledPointArray>("/cone_detection", 1[01;31m[K)[m[K;
      |                                                                                 [01;31m[K^[m[K
In file included from [01m[K/opt/ros/noetic/include/ros/ros.h:45[m[K,
                 from [01m[K/home/dl/vision_ws/src/cone_detection/src/cone_legality_verification.cpp:1[m[K:
[01m[K/opt/ros/noetic/include/ros/node_handle.h:247:15:[m[K [01;36m[Knote: [m[Kcandidate: â€˜[01m[Ktemplate<class M> ros::Publisher ros::NodeHandle::advertise(const string&, uint32_t, bool)[m[Kâ€™
  247 |     Publisher [01;36m[Kadvertise[m[K(const std::string& topic, uint32_t queue_size, bool latch = false)
      |               [01;36m[K^~~~~~~~~[m[K
[01m[K/opt/ros/noetic/include/ros/node_handle.h:247:15:[m[K [01;36m[Knote: [m[K  template argument deduction/substitution failed:
[01m[K/home/dl/vision_ws/src/cone_detection/src/cone_legality_verification.cpp:115:81:[m[K [01;31m[Kerror: [m[Ktemplate argument 1 is invalid
  115 |     pub = nh.advertise<pcl_ros_tutorial::LabeledPointArray>("/cone_detection", 1[01;31m[K)[m[K;
      |                                                                                 [01;31m[K^[m[K
In file included from [01m[K/opt/ros/noetic/include/ros/ros.h:45[m[K,
                 from [01m[K/home/dl/vision_ws/src/cone_detection/src/cone_legality_verification.cpp:1[m[K:
[01m[K/opt/ros/noetic/include/ros/node_handle.h:313:13:[m[K [01;36m[Knote: [m[Kcandidate: â€˜[01m[Ktemplate<class M> ros::Publisher ros::NodeHandle::advertise(const string&, uint32_t, const SubscriberStatusCallback&, const SubscriberStatusCallback&, const VoidConstPtr&, bool)[m[Kâ€™
  313 |   Publisher [01;36m[Kadvertise[m[K(const std::string& topic, uint32_t queue_size,
      |             [01;36m[K^~~~~~~~~[m[K
[01m[K/opt/ros/noetic/include/ros/node_handle.h:313:13:[m[K [01;36m[Knote: [m[K  template argument deduction/substitution failed:
[01m[K/home/dl/vision_ws/src/cone_detection/src/cone_legality_verification.cpp:115:81:[m[K [01;31m[Kerror: [m[Ktemplate argument 1 is invalid
  115 |     pub = nh.advertise<pcl_ros_tutorial::LabeledPointArray>("/cone_detection", 1[01;31m[K)[m[K;
      |                                                                                 [01;31m[K^[m[K
make[2]: *** [CMakeFiles/cone_legality_verification.dir/build.make:63: CMakeFiles/cone_legality_verification.dir/src/cone_legality_verification.cpp.o] Error 1
make[1]: *** [CMakeFiles/Makefile2:244: CMakeFiles/cone_legality_verification.dir/all] Error 2
make: *** [Makefile:141: all] Error 2
